2024.08.19 18:56:56 INFO  Started: Metals version 1.3.5 in folders 'C:\Users\94769\OneDrive\Documents\FP-Practicals\Practical-09' for client Visual Studio Code 1.92.0.
SLF4J(W): Class path contains multiple SLF4J providers.
SLF4J(W): Found provider [scribe.slf4j.ScribeServiceProvider@71b29418]
SLF4J(W): Found provider [ch.qos.logback.classic.spi.LogbackServiceProvider@572d961]
SLF4J(W): See https://www.slf4j.org/codes.html#multiple_bindings for an explanation.
SLF4J(I): Actual provider is of type [scribe.slf4j.ScribeServiceProvider@71b29418]
2024.08.19 18:56:56 WARN  Flyway upgrade recommended: H2 2.3.230 is newer than this version of Flyway and support has not been tested. The latest supported version of H2 is 2.2.220.
2024.08.19 18:56:57 INFO  no build target found for C:\Users\94769\OneDrive\Documents\FP-Practicals\Practical-09\Practical09-01.scala. Using presentation compiler with project's scala-library version: 3.3.3
2024.08.19 18:57:02 WARN  Could not find semantic tokens for: file:///C:/Users/94769/OneDrive/Documents/FP-Practicals/Practical-09/Practical09-01.scala
2024.08.19 18:57:02 INFO  no build target found for C:\Users\94769\OneDrive\Documents\FP-Practicals\Practical-09\Practical09-01.scala. Using presentation compiler with project's scala-library version: 3.3.3
2024.08.19 18:57:07 INFO  Running List(C:\Users\94769\AppData\Local\Coursier\data\bin\scala-cli.BAT, setup-ide, C:\Users\94769\OneDrive\Documents\FP-Practicals\Practical-09)
2024.08.19 18:57:07 INFO  Attempting to connect to the build server...
2024.08.19 18:57:07 INFO  Running BSP server List(C:\Users\94769\AppData\Local\Coursier\data\bin\.scala-cli.aux.exe, bsp, --json-options, C:\Users\94769\OneDrive\Documents\FP-Practicals\Practical-09\.scala-build\ide-options-v2.json, --json-launcher-options, C:\Users\94769\OneDrive\Documents\FP-Practicals\Practical-09\.scala-build\ide-launcher-options.json, --envs-file, C:\Users\94769\OneDrive\Documents\FP-Practicals\Practical-09\.scala-build\ide-envs.json, C:\Users\94769\OneDrive\Documents\FP-Practicals\Practical-09)
2024.08.19 18:57:07 INFO  tracing is disabled for protocol BSP, to enable tracing of incoming and outgoing JSON messages create an empty file at C:\Users\94769\OneDrive\Documents\FP-Practicals\Practical-09\.metals\bsp.trace.json or C:\Users\94769\AppData\Local\scalameta\metals\cache\bsp.trace.json
2024.08.19 18:57:09 INFO  BSP server: Checking https://github.com/coursier/jvm-index/raw/master/index.json
2024.08.19 18:57:09 INFO  BSP server: Checked https://github.com/coursier/jvm-index/raw/master/index.json
2024.08.19 18:57:09 INFO  BSP server: Downloading https://github.com/coursier/jvm-index/raw/master/index.json
2024.08.19 18:57:11 INFO  Shutting down server
2024.08.19 18:57:11 INFO  shutting down Metals
2024.08.19 18:57:11 INFO  Exiting server
2024.08.19 19:00:06 INFO  Started: Metals version 1.3.5 in folders 'C:\Users\94769\OneDrive\Documents\FP-Practicals\Practical-09' for client Visual Studio Code 1.92.0.
SLF4J(W): Class path contains multiple SLF4J providers.
SLF4J(W): Found provider [scribe.slf4j.ScribeServiceProvider@39453d98]
SLF4J(W): Found provider [ch.qos.logback.classic.spi.LogbackServiceProvider@58ffc494]
SLF4J(W): See https://www.slf4j.org/codes.html#multiple_bindings for an explanation.
SLF4J(I): Actual provider is of type [scribe.slf4j.ScribeServiceProvider@39453d98]
2024.08.19 19:00:06 WARN  Flyway upgrade recommended: H2 2.3.230 is newer than this version of Flyway and support has not been tested. The latest supported version of H2 is 2.2.220.
2024.08.19 19:00:07 INFO  Attempting to connect to the build server...
2024.08.19 19:00:07 INFO  Running BSP server List(C:\Users\94769\AppData\Local\Coursier\data\bin\.scala-cli.aux.exe, bsp, --json-options, C:\Users\94769\OneDrive\Documents\FP-Practicals\Practical-09\.scala-build\ide-options-v2.json, --json-launcher-options, C:\Users\94769\OneDrive\Documents\FP-Practicals\Practical-09\.scala-build\ide-launcher-options.json, --envs-file, C:\Users\94769\OneDrive\Documents\FP-Practicals\Practical-09\.scala-build\ide-envs.json, C:\Users\94769\OneDrive\Documents\FP-Practicals\Practical-09)
2024.08.19 19:00:07 INFO  tracing is disabled for protocol BSP, to enable tracing of incoming and outgoing JSON messages create an empty file at C:\Users\94769\OneDrive\Documents\FP-Practicals\Practical-09\.metals\bsp.trace.json or C:\Users\94769\AppData\Local\scalameta\metals\cache\bsp.trace.json
2024.08.19 19:00:11 INFO  time: Connected to build server in 4.41s
2024.08.19 19:00:11 INFO  Connected to Build server: scala-cli v1.3.2
2024.08.19 19:00:11 INFO  time: Imported build in 0.14s
2024.08.19 19:00:12 INFO  running doctor check
2024.08.19 19:00:12 INFO  java targets: Practical-09_b87ef36c14-test, Practical-09_b87ef36c14
2024.08.19 19:00:12 INFO  compiling practical-09_b87ef36c14 (1 scala source)
Aug 19, 2024 7:00:13 PM org.eclipse.lsp4j.jsonrpc.services.GenericEndpoint notify
INFO: Unsupported notification method: $/setTrace
2024.08.19 19:00:16 INFO  time: compiled Practical-09_b87ef36c14 in 3.92s
2024.08.19 19:00:18 WARN  Flyway upgrade recommended: H2 2.3.230 is newer than this version of Flyway and support has not been tested. The latest supported version of H2 is 2.2.220.
2024.08.19 19:00:21 INFO  time: indexed workspace in 9.36s
Aug 19, 2024 7:00:26 PM org.eclipse.lsp4j.jsonrpc.RemoteEndpoint handleCancellation
WARNING: Unmatched cancel notification for request id 9
2024.08.19 19:00:29 WARN  Could not find semantic tokens for: file:///C:/Users/94769/OneDrive/Documents/FP-Practicals/Practical-09/Practical09-01.scala
2024.08.19 19:00:31 WARN  Could not find semantic tokens for: file:///C:/Users/94769/OneDrive/Documents/FP-Practicals/Practical-09/Practical09-01.scala
2024.08.19 19:10:23 INFO  compiling practical-09_b87ef36c14 (1 scala source)
2024.08.19 19:10:27 INFO  time: compiled Practical-09_b87ef36c14 in 3.47s
2024.08.19 19:11:06 INFO  compiling practical-09_b87ef36c14 (1 scala source)
2024.08.19 19:11:06 INFO  time: compiled Practical-09_b87ef36c14 in 0.65s
2024.08.19 19:12:10 INFO  no build target found for C:\Users\94769\OneDrive\Documents\FP-Practicals\Practical-09\Practical09-02.scala. Using presentation compiler with project's scala-library version: 3.3.3
2024.08.19 19:12:11 INFO  time: Imported build in 0.13s
2024.08.19 19:12:11 INFO  no build target found for C:\Users\94769\OneDrive\Documents\FP-Practicals\Practical-09\Practical09-02.scala. Using presentation compiler with project's scala-library version: 3.3.3
2024.08.19 19:12:11 INFO  no build target found for C:\Users\94769\OneDrive\Documents\FP-Practicals\Practical-09\Practical09-02.scala. Using presentation compiler with project's scala-library version: 3.3.3
2024.08.19 19:12:11 INFO  compiling practical-09_b87ef36c14 (2 scala sources)
2024.08.19 19:12:11 INFO  time: compiled Practical-09_b87ef36c14 in 0.53s
2024.08.19 19:12:11 INFO  compiling practical-09_b87ef36c14 (2 scala sources)
2024.08.19 19:12:13 INFO  time: compiled Practical-09_b87ef36c14 in 0.53s
2024.08.19 19:12:13 INFO  time: code lens generation in 1.77s
2024.08.19 19:12:13 INFO  running doctor check
2024.08.19 19:12:13 INFO  java targets: Practical-09_b87ef36c14-test, Practical-09_b87ef36c14
2024.08.19 19:12:13 WARN  Could not find semantic tokens for: file:///C:/Users/94769/OneDrive/Documents/FP-Practicals/Practical-09/Practical09-02.scala
2024.08.19 19:12:14 INFO  time: indexed workspace in 3.39s
2024.08.19 19:12:15 INFO  compiling practical-09_b87ef36c14 (2 scala sources)
2024.08.19 19:12:15 INFO  time: compiled Practical-09_b87ef36c14 in 0.21s
2024.08.19 19:12:15 WARN  Could not find semantic tokens for: file:///C:/Users/94769/OneDrive/Documents/FP-Practicals/Practical-09/Practical09-02.scala
2024.08.19 19:15:37 INFO  compiling practical-09_b87ef36c14 (2 scala sources)
2024.08.19 19:15:37 INFO  time: compiled Practical-09_b87ef36c14 in 0.43s
2024.08.19 19:18:41 INFO  compiling practical-09_b87ef36c14 (2 scala sources)
2024.08.19 19:18:41 INFO  time: compiled Practical-09_b87ef36c14 in 0.24s
2024.08.19 19:19:12 INFO  compiling practical-09_b87ef36c14 (1 scala source)
2024.08.19 19:19:12 INFO  time: compiled Practical-09_b87ef36c14 in 0.42s
Aug 19, 2024 7:19:14 PM org.eclipse.lsp4j.jsonrpc.RemoteEndpoint handleCancellation
WARNING: Unmatched cancel notification for request id 151
2024.08.19 19:19:29 INFO  compiling practical-09_b87ef36c14 (1 scala source)
2024.08.19 19:19:29 INFO  time: compiled Practical-09_b87ef36c14 in 0.34s
2024.08.19 19:19:35 INFO  compiling practical-09_b87ef36c14 (1 scala source)
2024.08.19 19:19:35 INFO  time: compiled Practical-09_b87ef36c14 in 0.37s
2024.08.19 19:19:45 INFO  compiling practical-09_b87ef36c14 (1 scala source)
2024.08.19 19:19:45 INFO  time: compiled Practical-09_b87ef36c14 in 0.36s
Aug 19, 2024 7:21:49 PM org.eclipse.lsp4j.jsonrpc.RemoteEndpoint handleCancellation
WARNING: Unmatched cancel notification for request id 218
2024.08.19 19:22:05 INFO  compiling practical-09_b87ef36c14 (1 scala source)
2024.08.19 19:22:05 INFO  time: compiled Practical-09_b87ef36c14 in 0.38s
2024.08.19 19:22:19 INFO  compiling practical-09_b87ef36c14 (1 scala source)
2024.08.19 19:22:19 INFO  time: compiled Practical-09_b87ef36c14 in 0.7s
2024.08.19 19:22:21 INFO  compiling practical-09_b87ef36c14 (1 scala source)
2024.08.19 19:22:21 INFO  time: compiled Practical-09_b87ef36c14 in 0.34s
2024.08.19 19:22:28 INFO  compiling practical-09_b87ef36c14 (1 scala source)
2024.08.19 19:22:28 INFO  time: compiled Practical-09_b87ef36c14 in 0.31s
2024.08.19 19:22:40 INFO  compiling practical-09_b87ef36c14 (1 scala source)
2024.08.19 19:22:40 INFO  time: compiled Practical-09_b87ef36c14 in 0.3s
2024.08.19 19:22:51 INFO  compiling practical-09_b87ef36c14 (1 scala source)
2024.08.19 19:22:51 INFO  time: compiled Practical-09_b87ef36c14 in 0.32s
2024.08.19 19:22:56 INFO  compiling practical-09_b87ef36c14 (1 scala source)
2024.08.19 19:22:56 INFO  time: compiled Practical-09_b87ef36c14 in 0.27s
2024.08.19 19:22:57 INFO  compiling practical-09_b87ef36c14 (1 scala source)
2024.08.19 19:22:57 INFO  time: compiled Practical-09_b87ef36c14 in 0.31s
2024.08.19 19:23:01 INFO  compiling practical-09_b87ef36c14 (1 scala source)
2024.08.19 19:23:01 INFO  time: compiled Practical-09_b87ef36c14 in 0.24s
2024.08.19 19:23:18 INFO  compiling practical-09_b87ef36c14 (1 scala source)
2024.08.19 19:23:18 INFO  time: compiled Practical-09_b87ef36c14 in 0.27s
2024.08.19 19:34:25 INFO  no build target found for C:\Users\94769\OneDrive\Documents\FP-Practicals\Practical-09\Practical09-03.scala. Using presentation compiler with project's scala-library version: 3.3.3
2024.08.19 19:34:25 INFO  no build target found for C:\Users\94769\OneDrive\Documents\FP-Practicals\Practical-09\Practical09-03.scala. Using presentation compiler with project's scala-library version: 3.3.3
2024.08.19 19:34:25 WARN  Could not find semantic tokens for: file:///C:/Users/94769/OneDrive/Documents/FP-Practicals/Practical-09/Practical09-03.scala
2024.08.19 19:34:26 INFO  compiling practical-09_b87ef36c14 (1 scala source)
2024.08.19 19:34:26 INFO  time: compiled Practical-09_b87ef36c14 in 98ms
2024.08.19 19:34:26 INFO  time: Imported build in 0.45s
2024.08.19 19:34:26 INFO  running doctor check
2024.08.19 19:34:26 INFO  java targets: Practical-09_b87ef36c14-test, Practical-09_b87ef36c14
2024.08.19 19:34:26 INFO  time: indexed workspace in 1s
2024.08.19 19:34:28 WARN  Could not find semantic tokens for: file:///C:/Users/94769/OneDrive/Documents/FP-Practicals/Practical-09/Practical09-03.scala
2024.08.19 19:35:05 INFO  compiling practical-09_b87ef36c14 (1 scala source)
2024.08.19 19:35:05 INFO  time: compiled Practical-09_b87ef36c14 in 0.28s
2024.08.19 19:35:08 INFO  compiling practical-09_b87ef36c14 (1 scala source)
2024.08.19 19:35:08 INFO  time: compiled Practical-09_b87ef36c14 in 0.23s
2024.08.19 19:35:11 INFO  compiling practical-09_b87ef36c14 (1 scala source)
2024.08.19 19:35:11 INFO  time: compiled Practical-09_b87ef36c14 in 0.19s
2024.08.19 19:35:14 INFO  compiling practical-09_b87ef36c14 (1 scala source)
2024.08.19 19:35:14 INFO  time: compiled Practical-09_b87ef36c14 in 0.19s
2024.08.19 19:35:18 INFO  compiling practical-09_b87ef36c14 (1 scala source)
2024.08.19 19:35:18 INFO  time: compiled Practical-09_b87ef36c14 in 0.21s
2024.08.19 19:35:21 INFO  compiling practical-09_b87ef36c14 (1 scala source)
2024.08.19 19:35:21 INFO  time: compiled Practical-09_b87ef36c14 in 0.21s
2024.08.19 19:35:24 INFO  compiling practical-09_b87ef36c14 (1 scala source)
2024.08.19 19:35:24 INFO  time: compiled Practical-09_b87ef36c14 in 0.22s
2024.08.19 19:35:27 INFO  compiling practical-09_b87ef36c14 (1 scala source)
2024.08.19 19:35:27 INFO  time: compiled Practical-09_b87ef36c14 in 0.2s
2024.08.19 19:35:32 INFO  compiling practical-09_b87ef36c14 (1 scala source)
2024.08.19 19:35:32 INFO  time: compiled Practical-09_b87ef36c14 in 0.21s
